<?xml version="1.0" encoding="UTF-8"?>
<!-- Generated by org.testng.reporters.JUnitXMLReporter -->
<testsuite ignored="0" hostname="LAPTOP-BR40S9G6" failures="0" tests="2" name="Default test" time="0.048" errors="0" timestamp="2025-02-14T15:27:31 EST">
  <testcase classname="testBase.BaseClass" name="@BeforeClass setup" time="-1.739564851348E9">
    <failure type="org.testng.TestNGException" message="
Parameter &amp;apos;os&amp;apos; is required by BeforeClass on method setup but has not been marked @Optional or defined
in C:\Users\uthra\AppData\Local\Temp\testng-eclipse--1163608473\testng-customsuite.xml">
      <![CDATA[org.testng.TestNGException: 
Parameter 'os' is required by BeforeClass on method setup but has not been marked @Optional or defined
in C:\Users\uthra\AppData\Local\Temp\testng-eclipse--1163608473\testng-customsuite.xml
at org.testng.internal.Parameters.createParams(Parameters.java:270)
at org.testng.internal.Parameters.createParametersForMethod(Parameters.java:358)
at org.testng.internal.Parameters.createParameters(Parameters.java:700)
at org.testng.internal.Parameters.createConfigurationParameters(Parameters.java:168)
at org.testng.internal.ConfigInvoker.invokeConfigurations(ConfigInvoker.java:302)
at org.testng.internal.TestMethodWorker.invokeBeforeClassMethods(TestMethodWorker.java:176)
at org.testng.internal.TestMethodWorker.run(TestMethodWorker.java:122)
at java.base/java.util.ArrayList.forEach(ArrayList.java:1511)
at org.testng.TestRunner.privateRun(TestRunner.java:794)
at org.testng.TestRunner.run(TestRunner.java:596)
at org.testng.SuiteRunner.runTest(SuiteRunner.java:377)
at org.testng.SuiteRunner.runSequentially(SuiteRunner.java:371)
at org.testng.SuiteRunner.privateRun(SuiteRunner.java:332)
at org.testng.SuiteRunner.run(SuiteRunner.java:276)
at org.testng.SuiteRunnerWorker.runSuite(SuiteRunnerWorker.java:53)
at org.testng.SuiteRunnerWorker.run(SuiteRunnerWorker.java:96)
at org.testng.TestNG.runSuitesSequentially(TestNG.java:1212)
at org.testng.TestNG.runSuitesLocally(TestNG.java:1134)
at org.testng.TestNG.runSuites(TestNG.java:1063)
at org.testng.TestNG.run(TestNG.java:1031)
at org.testng.remote.AbstractRemoteTestNG.run(AbstractRemoteTestNG.java:115)
at org.testng.remote.RemoteTestNG.initAndRun(RemoteTestNG.java:293)
at org.testng.remote.RemoteTestNG.main(RemoteTestNG.java:91)
]]>
    </failure>
  </testcase> <!-- @BeforeClass setup -->
  <testcase classname="testCases.TC005_AddToWishListTest" name="@BeforeClass login" time="-1.739564851356E9">
    <skipped/>
  </testcase> <!-- @BeforeClass login -->
  <testcase classname="testBase.BaseClass" name="@AfterClass teardown" time="-1.73956485138E9">
    <skipped/>
  </testcase> <!-- @AfterClass teardown -->
  <testcase classname="testCases.TC005_AddToWishListTest" name="@AfterClass logout" time="-1.739564851381E9">
    <skipped/>
  </testcase> <!-- @AfterClass logout -->
  <testcase classname="testCases.TC005_AddToWishListTest" name="verifyAddingSearchedProductsToWishList" time="0.0">
    <skipped/>
  </testcase> <!-- verifyAddingSearchedProductsToWishList -->
  <testcase classname="testCases.TC005_AddToWishListTest" name="verifyWishListHeaderOption" time="0.0">
    <skipped/>
  </testcase> <!-- verifyWishListHeaderOption -->
</testsuite> <!-- Default test -->
